com.tencent.news 158
com.android.browser 85
com.sogou.activity.src 82
com.tencent.mtt 75
com.autonavi.minimap 66
com.qiyi.video 65
com.gionee.aora.market 43
com.ss.android.article.news 38
com.gionee.gallery 38
com.android.contacts:remote 33
com.coolwind.weather 31
com.android.calendar 31
com.gionee.video:cde 29
gn.com.android.gamehall 28
com.android.email 23
com.baidu.map.location 18
com.gionee.change 17
com.greenpoint.android.mc10086.activity:remote 17
com.android.mms 17
com.gionee.video 16
com.tencent.mm 16
com.qiyi.video:downloader 14
com.android.music 11
com.android.calendar:bdservice_v1 11
com.greenpoint.android.mc10086.activity 11
com.ss.android.article.news:remote 11
com.gionee.client 11
com.aspire.tmmhelper.ui 10
com.android.contacts 10
com.qiyi.video:baiduLocation 9
com.android.browser:remote 7
com.kookong.app.gionee 7
com.gionee.cloud.gpe 6
com.jingdong.app.mall 5
com.aspire.tmmhelper.push.PushService 4
com.qiyi.video:plugin1 3
com.tencent.mtt:service 3
com.tencent.news:PushService 2
com.sankuai.meituan 2
com.android.browser:process.browser.x5webview.ini 2
com.iflytek.translate 2
com.amigo.server 1
com.ss.android.article.news:push 1
 1069
